2025-02-08 16:44:31,762 - telegram_bot - INFO - /start от пользователя 1011141225 (Iluuuaaa)
2025-02-08 16:44:34,114 - telegram_bot - INFO - Пользователь 1011141225 (Iluuuaaa) выбрал 'Создать презентацию'
2025-02-08 16:44:35,726 - telegram_bot - INFO - Пользователь 1011141225 (Iluuuaaa) выбрал ввод стиля
2025-02-08 16:44:41,696 - telegram_bot - INFO - Пользователь 1011141225 (Iluuuaaa) ввёл стиль: любой
2025-02-08 16:44:44,456 - telegram_bot - INFO - Пользователь 1011141225 (Iluuuaaa) выбрал ввод запроса
2025-02-08 16:44:53,842 - telegram_bot - INFO - Пользователь 1011141225 (Iluuuaaa) ввёл запрос: красивая презентация
2025-02-08 16:47:53,647 - telegram_bot - INFO - /start от пользователя 1011141225 (Iluuuaaa)
2025-02-08 16:47:53,650 - telegram_bot - INFO - /start от пользователя 1011141225 (Iluuuaaa)
2025-02-08 16:47:53,756 - telegram_bot - INFO - Пользователь 1011141225 (Iluuuaaa) выбрал 'Создать презентацию'
2025-02-08 16:47:59,749 - telegram_bot - INFO - /start от пользователя 1011141225 (Iluuuaaa)
2025-02-08 16:48:01,260 - telegram_bot - INFO - Пользователь 1011141225 (Iluuuaaa) выбрал 'Создать презентацию'
2025-02-08 16:48:02,699 - telegram_bot - INFO - Пользователь 1011141225 (Iluuuaaa) выбрал ввод стиля
2025-02-08 16:48:03,755 - telegram_bot - INFO - Пользователь 1011141225 (Iluuuaaa) ввёл стиль: f
2025-02-08 16:48:05,495 - telegram_bot - INFO - Пользователь 1011141225 (Iluuuaaa) выбрал ввод запроса
2025-02-08 16:48:06,671 - telegram_bot - INFO - Пользователь 1011141225 (Iluuuaaa) ввёл запрос: d
2025-02-08 16:49:33,361 - telegram_bot - INFO - Пользователь 6324453959 (rrrrckerrrr) выбрал 'Создать презентацию'
2025-02-08 16:49:35,410 - telegram_bot - INFO - Пользователь 6324453959 (rrrrckerrrr) выбрал ввод стиля
2025-02-08 16:49:39,183 - telegram_bot - INFO - Пользователь 6324453959 (rrrrckerrrr) ввёл стиль: Любой
2025-02-08 16:49:42,048 - telegram_bot - INFO - Пользователь 6324453959 (rrrrckerrrr) выбрал ввод запроса
2025-02-08 16:49:43,509 - telegram_bot - INFO - Пользователь 6324453959 (rrrrckerrrr) ввёл запрос: Иии
2025-02-08 16:49:48,658 - telegram_bot - INFO - Пользователь 6324453959 (rrrrckerrrr) выбрал 'Создать презентацию'
